PS D:\Code\Anaconda> .\python.exe "D:/mycode/utdallas/cs6375/Decision-tree-post-pruning/Dtree_with_pruning.py" "D:/mycode/utdallas/cs6375/Decision-tree-post-pruning/data_sets1/training_set.csv" "D:/mycode/utdallas/cs6375/Decision-tree-post-pruning/data_sets1/test_set.csv" "D:/mycode/utdallas/cs6375/Decision-tree-post-pruning/data_sets1/validation_set.csv" "0.05"
Please wait to complete!
-------------------------------------
Pre-Pruned Tree
-------------------------------------
XO = 0 (ID:0) :
| XM = 0 (ID:2) :
| | XF = 0 (ID:4) :
| | | XB = 0 (ID:6) :
| | | | XG = 0 (ID:8) : 0
| | | | XG = 1 (ID:9) :
| | | | | XD = 0 (ID:10) :
| | | | | | XS = 0 (ID:12) : 0
| | | | | | XS = 1 (ID:13) :
| | | | | | | XC = 0 (ID:14) : 1
| | | | | | | XC = 1 (ID:15) :
| | | | | | | | XH = 0 (ID:16) : 0
| | | | | | | | XH = 1 (ID:17) : 1
| | | | | XD = 1 (ID:11) :
| | | | | | XE = 0 (ID:18) : 0
| | | | | | XE = 1 (ID:19) :
| | | | | | | XK = 0 (ID:20) : 0
| | | | | | | XK = 1 (ID:21) : 1
| | | XB = 1 (ID:7) :
| | | | XD = 0 (ID:22) : 0
| | | | XD = 1 (ID:23) :
| | | | | XI = 0 (ID:24) : 0
| | | | | XI = 1 (ID:25) :
| | | | | | XG = 0 (ID:26) : 1
| | | | | | XG = 1 (ID:27) : 0
| | XF = 1 (ID:5) : 0
| XM = 1 (ID:3) :
| | XB = 0 (ID:28) :
| | | XD = 0 (ID:30) :
| | | | XG = 0 (ID:32) :
| | | | | XF = 0 (ID:34) : 0
| | | | | XF = 1 (ID:35) :
| | | | | | XJ = 0 (ID:36) :
| | | | | | | XN = 0 (ID:38) : 1
| | | | | | | XN = 1 (ID:39) :
| | | | | | | | XE = 0 (ID:40) :
| | | | | | | | | XK = 0 (ID:42) : 0
| | | | | | | | | XK = 1 (ID:43) : 1
| | | | | | | | XE = 1 (ID:41) : 0
| | | | | | XJ = 1 (ID:37) :
| | | | | | | XC = 0 (ID:44) :
| | | | | | | | XT = 0 (ID:46) :
| | | | | | | | | XL = 0 (ID:48) :
| | | | | | | | | | XE = 0 (ID:50) :
| | | | | | | | | | | XI = 0 (ID:52) : 0
| | | | | | | | | | | XI = 1 (ID:53) : 1
| | | | | | | | | | XE = 1 (ID:51) : 1
| | | | | | | | | XL = 1 (ID:49) : 0
| | | | | | | | XT = 1 (ID:47) : 1
| | | | | | | XC = 1 (ID:45) : 1
| | | | XG = 1 (ID:33) :
| | | | | XU = 0 (ID:54) : 1
| | | | | XU = 1 (ID:55) :
| | | | | | XI = 0 (ID:56) : 0
| | | | | | XI = 1 (ID:57) : 1
| | | XD = 1 (ID:31) :
| | | | XC = 0 (ID:58) :
| | | | | XF = 0 (ID:60) :
| | | | | | XG = 0 (ID:62) : 0
| | | | | | XG = 1 (ID:63) :
| | | | | | | XP = 0 (ID:64) :
| | | | | | | | XS = 0 (ID:66) : 0
| | | | | | | | XS = 1 (ID:67) : 1
| | | | | | | XP = 1 (ID:65) : 0
| | | | | XF = 1 (ID:61) :
| | | | | | XJ = 0 (ID:68) : 1
| | | | | | XJ = 1 (ID:69) :
| | | | | | | XE = 0 (ID:70) :
| | | | | | | | XG = 0 (ID:72) :
| | | | | | | | | XI = 0 (ID:74) : 1
| | | | | | | | | XI = 1 (ID:75) : 0
| | | | | | | | XG = 1 (ID:73) : 0
| | | | | | | XE = 1 (ID:71) :
| | | | | | | | XT = 0 (ID:76) :
| | | | | | | | | XG = 0 (ID:78) : 1
| | | | | | | | | XG = 1 (ID:79) : 0
| | | | | | | | XT = 1 (ID:77) : 1
| | | | XC = 1 (ID:59) : 0
| | XB = 1 (ID:29) :
| | | XI = 0 (ID:80) : 0
| | | XI = 1 (ID:81) :
| | | | XC = 0 (ID:82) :
| | | | | XK = 0 (ID:84) :
| | | | | | XP = 0 (ID:86) : 1
| | | | | | XP = 1 (ID:87) :
| | | | | | | XS = 0 (ID:88) :
| | | | | | | | XG = 0 (ID:90) : 1
| | | | | | | | XG = 1 (ID:91) :
| | | | | | | | | XF = 0 (ID:92) : 0
| | | | | | | | | XF = 1 (ID:93) : 1
| | | | | | | XS = 1 (ID:89) : 0
| | | | | XK = 1 (ID:85) : 0
| | | | XC = 1 (ID:83) : 0
XO = 1 (ID:1) :
| XI = 0 (ID:94) :
| | XM = 0 (ID:96) :
| | | XQ = 0 (ID:98) :
| | | | XF = 0 (ID:100) :
| | | | | XH = 0 (ID:102) :
| | | | | | XB = 0 (ID:104) : 0
| | | | | | XB = 1 (ID:105) :
| | | | | | | XC = 0 (ID:106) : 1
| | | | | | | XC = 1 (ID:107) : 0
| | | | | XH = 1 (ID:103) : 1
| | | | XF = 1 (ID:101) : 0
| | | XQ = 1 (ID:99) :
| | | | XJ = 0 (ID:108) :
| | | | | XN = 0 (ID:110) :
| | | | | | XP = 0 (ID:112) : 1
| | | | | | XP = 1 (ID:113) :
| | | | | | | XB = 0 (ID:114) :
| | | | | | | | XF = 0 (ID:116) : 0
| | | | | | | | XF = 1 (ID:117) : 1
| | | | | | | XB = 1 (ID:115) : 0
| | | | | XN = 1 (ID:111) : 0
| | | | XJ = 1 (ID:109) :
| | | | | XL = 0 (ID:118) :
| | | | | | XH = 0 (ID:120) : 0
| | | | | | XH = 1 (ID:121) :
| | | | | | | XK = 0 (ID:122) :
| | | | | | | | XU = 0 (ID:124) : 1
| | | | | | | | XU = 1 (ID:125) : 0
| | | | | | | XK = 1 (ID:123) : 1
| | | | | XL = 1 (ID:119) : 1
| | XM = 1 (ID:97) :
| | | XQ = 0 (ID:126) :
| | | | XF = 0 (ID:128) :
| | | | | XL = 0 (ID:130) :
| | | | | | XC = 0 (ID:132) : 1
| | | | | | XC = 1 (ID:133) :
| | | | | | | XH = 0 (ID:134) : 1
| | | | | | | XH = 1 (ID:135) :
| | | | | | | | XU = 0 (ID:136) :
| | | | | | | | | XB = 0 (ID:138) :
| | | | | | | | | | XD = 0 (ID:140) : 1
| | | | | | | | | | XD = 1 (ID:141) : 0
| | | | | | | | | XB = 1 (ID:139) : 0
| | | | | | | | XU = 1 (ID:137) : 1
| | | | | XL = 1 (ID:131) :
| | | | | | XC = 0 (ID:142) :
| | | | | | | XB = 0 (ID:144) : 0
| | | | | | | XB = 1 (ID:145) :
| | | | | | | | XP = 0 (ID:146) : 0
| | | | | | | | XP = 1 (ID:147) : 1
| | | | | | XC = 1 (ID:143) : 1
| | | | XF = 1 (ID:129) : 0
| | | XQ = 1 (ID:127) : 0
| XI = 1 (ID:95) :
| | XT = 0 (ID:148) :
| | | XH = 0 (ID:150) :
| | | | XP = 0 (ID:152) :
| | | | | XF = 0 (ID:154) : 0
| | | | | XF = 1 (ID:155) :
| | | | | | XQ = 0 (ID:156) :
| | | | | | | XK = 0 (ID:158) : 1
| | | | | | | XK = 1 (ID:159) :
| | | | | | | | XC = 0 (ID:160) : 0
| | | | | | | | XC = 1 (ID:161) : 1
| | | | | | XQ = 1 (ID:157) :
| | | | | | | XK = 0 (ID:162) : 0
| | | | | | | XK = 1 (ID:163) : 1
| | | | XP = 1 (ID:153) :
| | | | | XS = 0 (ID:164) :
| | | | | | XD = 0 (ID:166) :
| | | | | | | XC = 0 (ID:168) :
| | | | | | | | XJ = 0 (ID:170) :
| | | | | | | | | XN = 0 (ID:172) : 0
| | | | | | | | | XN = 1 (ID:173) : 1
| | | | | | | | XJ = 1 (ID:171) :
| | | | | | | | | XB = 0 (ID:174) : 0
| | | | | | | | | XB = 1 (ID:175) :
| | | | | | | | | | XG = 0 (ID:176) : 1
| | | | | | | | | | XG = 1 (ID:177) : 0
| | | | | | | XC = 1 (ID:169) : 0
| | | | | | XD = 1 (ID:167) :
| | | | | | | XM = 0 (ID:178) :
| | | | | | | | XC = 0 (ID:180) : 1
| | | | | | | | XC = 1 (ID:181) : 0
| | | | | | | XM = 1 (ID:179) : 1
| | | | | XS = 1 (ID:165) : 1
| | | XH = 1 (ID:151) :
| | | | XJ = 0 (ID:182) :
| | | | | XC = 0 (ID:184) :
| | | | | | XN = 0 (ID:186) : 1
| | | | | | XN = 1 (ID:187) :
| | | | | | | XF = 0 (ID:188) :
| | | | | | | | XG = 0 (ID:190) : 1
| | | | | | | | XG = 1 (ID:191) : 0
| | | | | | | XF = 1 (ID:189) : 0
| | | | | XC = 1 (ID:185) :
| | | | | | XM = 0 (ID:192) : 0
| | | | | | XM = 1 (ID:193) :
| | | | | | | XF = 0 (ID:194) :
| | | | | | | | XR = 0 (ID:196) : 1
| | | | | | | | XR = 1 (ID:197) : 0
| | | | | | | XF = 1 (ID:195) : 1
| | | | XJ = 1 (ID:183) :
| | | | | XS = 0 (ID:198) : 1
| | | | | XS = 1 (ID:199) :
| | | | | | XG = 0 (ID:200) :
| | | | | | | XB = 0 (ID:202) : 0
| | | | | | | XB = 1 (ID:203) :
| | | | | | | | XD = 0 (ID:204) : 1
| | | | | | | | XD = 1 (ID:205) :
| | | | | | | | | XE = 0 (ID:206) : 0
| | | | | | | | | XE = 1 (ID:207) : 1
| | | | | | XG = 1 (ID:201) :
| | | | | | | XC = 0 (ID:208) : 1
| | | | | | | XC = 1 (ID:209) :
| | | | | | | | XD = 0 (ID:210) : 1
| | | | | | | | XD = 1 (ID:211) : 0
| | XT = 1 (ID:149) :
| | | XS = 0 (ID:212) :
| | | | XQ = 0 (ID:214) :
| | | | | XK = 0 (ID:216) :
| | | | | | XC = 0 (ID:218) :
| | | | | | | XR = 0 (ID:220) :
| | | | | | | | XH = 0 (ID:222) :
| | | | | | | | | XE = 0 (ID:224) : 0
| | | | | | | | | XE = 1 (ID:225) : 1
| | | | | | | | XH = 1 (ID:223) : 1
| | | | | | | XR = 1 (ID:221) :
| | | | | | | | XB = 0 (ID:226) :
| | | | | | | | | XD = 0 (ID:228) : 0
| | | | | | | | | XD = 1 (ID:229) : 1
| | | | | | | | XB = 1 (ID:227) : 0
| | | | | | XC = 1 (ID:219) : 1
| | | | | XK = 1 (ID:217) :
| | | | | | XD = 0 (ID:230) :
| | | | | | | XF = 0 (ID:232) : 0
| | | | | | | XF = 1 (ID:233) : 1
| | | | | | XD = 1 (ID:231) : 0
| | | | XQ = 1 (ID:215) :
| | | | | XM = 0 (ID:234) :
| | | | | | XN = 0 (ID:236) :
| | | | | | | XU = 0 (ID:238) : 1
| | | | | | | XU = 1 (ID:239) : 0
| | | | | | XN = 1 (ID:237) :
| | | | | | | XP = 0 (ID:240) :
| | | | | | | | XB = 0 (ID:242) :
| | | | | | | | | XF = 0 (ID:244) : 0
| | | | | | | | | XF = 1 (ID:245) : 1
| | | | | | | | XB = 1 (ID:243) : 1
| | | | | | | XP = 1 (ID:241) : 1
| | | | | XM = 1 (ID:235) : 0
| | | XS = 1 (ID:213) :
| | | | XL = 0 (ID:246) :
| | | | | XD = 0 (ID:248) :
| | | | | | XU = 0 (ID:250) : 1
| | | | | | XU = 1 (ID:251) :
| | | | | | | XB = 0 (ID:252) :
| | | | | | | | XE = 0 (ID:254) : 1
| | | | | | | | XE = 1 (ID:255) :
| | | | | | | | | XC = 0 (ID:256) : 1
| | | | | | | | | XC = 1 (ID:257) : 0
| | | | | | | XB = 1 (ID:253) :
| | | | | | | | XG = 0 (ID:258) :
| | | | | | | | | XH = 0 (ID:260) : 0
| | | | | | | | | XH = 1 (ID:261) : 1
| | | | | | | | XG = 1 (ID:259) : 0
| | | | | XD = 1 (ID:249) :
| | | | | | XG = 0 (ID:262) : 0
| | | | | | XG = 1 (ID:263) : 1
| | | | XL = 1 (ID:247) :
| | | | | XH = 0 (ID:264) :
| | | | | | XD = 0 (ID:266) :
| | | | | | | XQ = 0 (ID:268) : 0
| | | | | | | XQ = 1 (ID:269) :
| | | | | | | | XB = 0 (ID:270) : 0
| | | | | | | | XB = 1 (ID:271) : 1
| | | | | | XD = 1 (ID:267) :
| | | | | | | XB = 0 (ID:272) : 1
| | | | | | | XB = 1 (ID:273) : 0
| | | | | XH = 1 (ID:265) : 0

-------------------------------------
Pre-Pruned Accuracy
-------------------------------------
Number of training instances = 600
Number of training attributes = 20
Total number of nodes in the tree = 274
Number of leaf nodes in the tree = 138
Accuracy of the model on the training dataset = 100.0%

Number of validation instances = 2000
Number of validation attributes = 20
Accuracy of the model on the validation dataset before pruning = 75.9%

Number of testing instances = 2000
Number of testing attributes = 20
Accuracy of the model on the testing dataset = 75.85%

-------------------------------------
Post-Pruned Tree
-------------------------------------
XO = 0 (ID:0) :
| XM = 0 (ID:2) :
| | XF = 0 (ID:4) :
| | | XB = 0 (ID:6) :
| | | | XG = 0 (ID:8) : 0
| | | | XG = 1 (ID:9) : 1
| | | XB = 1 (ID:7) :
| | | | XD = 0 (ID:22) : 0
| | | | XD = 1 (ID:23) :
| | | | | XI = 0 (ID:24) : 0
| | | | | XI = 1 (ID:25) :
| | | | | | XG = 0 (ID:26) : 1
| | | | | | XG = 1 (ID:27) : 0
| | XF = 1 (ID:5) : 0
| XM = 1 (ID:3) :
| | XB = 0 (ID:28) :
| | | XD = 0 (ID:30) :
| | | | XG = 0 (ID:32) :
| | | | | XF = 0 (ID:34) : 0
| | | | | XF = 1 (ID:35) :
| | | | | | XJ = 0 (ID:36) :
| | | | | | | XN = 0 (ID:38) : 1
| | | | | | | XN = 1 (ID:39) :
| | | | | | | | XE = 0 (ID:40) :
| | | | | | | | | XK = 0 (ID:42) : 0
| | | | | | | | | XK = 1 (ID:43) : 1
| | | | | | | | XE = 1 (ID:41) : 0
| | | | | | XJ = 1 (ID:37) :
| | | | | | | XC = 0 (ID:44) :
| | | | | | | | XT = 0 (ID:46) :
| | | | | | | | | XL = 0 (ID:48) :
| | | | | | | | | | XE = 0 (ID:50) :
| | | | | | | | | | | XI = 0 (ID:52) : 0
| | | | | | | | | | | XI = 1 (ID:53) : 1
| | | | | | | | | | XE = 1 (ID:51) : 1
| | | | | | | | | XL = 1 (ID:49) : 0
| | | | | | | | XT = 1 (ID:47) : 1
| | | | | | | XC = 1 (ID:45) : 1
| | | | XG = 1 (ID:33) :
| | | | | XU = 0 (ID:54) : 1
| | | | | XU = 1 (ID:55) :
| | | | | | XI = 0 (ID:56) : 0
| | | | | | XI = 1 (ID:57) : 1
| | | XD = 1 (ID:31) :
| | | | XC = 0 (ID:58) :
| | | | | XF = 0 (ID:60) :
| | | | | | XG = 0 (ID:62) : 0
| | | | | | XG = 1 (ID:63) :
| | | | | | | XP = 0 (ID:64) :
| | | | | | | | XS = 0 (ID:66) : 0
| | | | | | | | XS = 1 (ID:67) : 1
| | | | | | | XP = 1 (ID:65) : 0
| | | | | XF = 1 (ID:61) :
| | | | | | XJ = 0 (ID:68) : 1
| | | | | | XJ = 1 (ID:69) : 1
| | | | XC = 1 (ID:59) : 0
| | XB = 1 (ID:29) :
| | | XI = 0 (ID:80) : 0
| | | XI = 1 (ID:81) :
| | | | XC = 0 (ID:82) :
| | | | | XK = 0 (ID:84) :
| | | | | | XP = 0 (ID:86) : 1
| | | | | | XP = 1 (ID:87) :
| | | | | | | XS = 0 (ID:88) :
| | | | | | | | XG = 0 (ID:90) : 1
| | | | | | | | XG = 1 (ID:91) :
| | | | | | | | | XF = 0 (ID:92) : 0
| | | | | | | | | XF = 1 (ID:93) : 1
| | | | | | | XS = 1 (ID:89) : 0
| | | | | XK = 1 (ID:85) : 0
| | | | XC = 1 (ID:83) : 0
XO = 1 (ID:1) :
| XI = 0 (ID:94) :
| | XM = 0 (ID:96) :
| | | XQ = 0 (ID:98) :
| | | | XF = 0 (ID:100) :
| | | | | XH = 0 (ID:102) :
| | | | | | XB = 0 (ID:104) : 0
| | | | | | XB = 1 (ID:105) :
| | | | | | | XC = 0 (ID:106) : 1
| | | | | | | XC = 1 (ID:107) : 0
| | | | | XH = 1 (ID:103) : 1
| | | | XF = 1 (ID:101) : 0
| | | XQ = 1 (ID:99) :
| | | | XJ = 0 (ID:108) :
| | | | | XN = 0 (ID:110) :
| | | | | | XP = 0 (ID:112) : 1
| | | | | | XP = 1 (ID:113) :
| | | | | | | XB = 0 (ID:114) :
| | | | | | | | XF = 0 (ID:116) : 0
| | | | | | | | XF = 1 (ID:117) : 1
| | | | | | | XB = 1 (ID:115) : 0
| | | | | XN = 1 (ID:111) : 0
| | | | XJ = 1 (ID:109) :
| | | | | XL = 0 (ID:118) :
| | | | | | XH = 0 (ID:120) : 0
| | | | | | XH = 1 (ID:121) :
| | | | | | | XK = 0 (ID:122) :
| | | | | | | | XU = 0 (ID:124) : 1
| | | | | | | | XU = 1 (ID:125) : 0
| | | | | | | XK = 1 (ID:123) : 1
| | | | | XL = 1 (ID:119) : 1
| | XM = 1 (ID:97) :
| | | XQ = 0 (ID:126) :
| | | | XF = 0 (ID:128) :
| | | | | XL = 0 (ID:130) :
| | | | | | XC = 0 (ID:132) : 1
| | | | | | XC = 1 (ID:133) :
| | | | | | | XH = 0 (ID:134) : 1
| | | | | | | XH = 1 (ID:135) :
| | | | | | | | XU = 0 (ID:136) :
| | | | | | | | | XB = 0 (ID:138) :
| | | | | | | | | | XD = 0 (ID:140) : 1
| | | | | | | | | | XD = 1 (ID:141) : 0
| | | | | | | | | XB = 1 (ID:139) : 0
| | | | | | | | XU = 1 (ID:137) : 1
| | | | | XL = 1 (ID:131) :
| | | | | | XC = 0 (ID:142) :
| | | | | | | XB = 0 (ID:144) : 0
| | | | | | | XB = 1 (ID:145) :
| | | | | | | | XP = 0 (ID:146) : 0
| | | | | | | | XP = 1 (ID:147) : 1
| | | | | | XC = 1 (ID:143) : 1
| | | | XF = 1 (ID:129) : 0
| | | XQ = 1 (ID:127) : 0
| XI = 1 (ID:95) :
| | XT = 0 (ID:148) :
| | | XH = 0 (ID:150) :
| | | | XP = 0 (ID:152) :
| | | | | XF = 0 (ID:154) : 0
| | | | | XF = 1 (ID:155) :
| | | | | | XQ = 0 (ID:156) :
| | | | | | | XK = 0 (ID:158) : 1
| | | | | | | XK = 1 (ID:159) :
| | | | | | | | XC = 0 (ID:160) : 0
| | | | | | | | XC = 1 (ID:161) : 1
| | | | | | XQ = 1 (ID:157) :
| | | | | | | XK = 0 (ID:162) : 0
| | | | | | | XK = 1 (ID:163) : 1
| | | | XP = 1 (ID:153) :
| | | | | XS = 0 (ID:164) :
| | | | | | XD = 0 (ID:166) :
| | | | | | | XC = 0 (ID:168) :
| | | | | | | | XJ = 0 (ID:170) :
| | | | | | | | | XN = 0 (ID:172) : 0
| | | | | | | | | XN = 1 (ID:173) : 1
| | | | | | | | XJ = 1 (ID:171) :
| | | | | | | | | XB = 0 (ID:174) : 0
| | | | | | | | | XB = 1 (ID:175) :
| | | | | | | | | | XG = 0 (ID:176) : 1
| | | | | | | | | | XG = 1 (ID:177) : 0
| | | | | | | XC = 1 (ID:169) : 0
| | | | | | XD = 1 (ID:167) :
| | | | | | | XM = 0 (ID:178) :
| | | | | | | | XC = 0 (ID:180) : 1
| | | | | | | | XC = 1 (ID:181) : 0
| | | | | | | XM = 1 (ID:179) : 1
| | | | | XS = 1 (ID:165) : 1
| | | XH = 1 (ID:151) :
| | | | XJ = 0 (ID:182) :
| | | | | XC = 0 (ID:184) :
| | | | | | XN = 0 (ID:186) : 1
| | | | | | XN = 1 (ID:187) :
| | | | | | | XF = 0 (ID:188) : 1
| | | | | | | XF = 1 (ID:189) : 0
| | | | | XC = 1 (ID:185) :
| | | | | | XM = 0 (ID:192) : 0
| | | | | | XM = 1 (ID:193) : 1
| | | | XJ = 1 (ID:183) :
| | | | | XS = 0 (ID:198) : 1
| | | | | XS = 1 (ID:199) :
| | | | | | XG = 0 (ID:200) :
| | | | | | | XB = 0 (ID:202) : 0
| | | | | | | XB = 1 (ID:203) :
| | | | | | | | XD = 0 (ID:204) : 1
| | | | | | | | XD = 1 (ID:205) :
| | | | | | | | | XE = 0 (ID:206) : 0
| | | | | | | | | XE = 1 (ID:207) : 1
| | | | | | XG = 1 (ID:201) :
| | | | | | | XC = 0 (ID:208) : 1
| | | | | | | XC = 1 (ID:209) :
| | | | | | | | XD = 0 (ID:210) : 1
| | | | | | | | XD = 1 (ID:211) : 0
| | XT = 1 (ID:149) :
| | | XS = 0 (ID:212) :
| | | | XQ = 0 (ID:214) :
| | | | | XK = 0 (ID:216) :
| | | | | | XC = 0 (ID:218) :
| | | | | | | XR = 0 (ID:220) :
| | | | | | | | XH = 0 (ID:222) :
| | | | | | | | | XE = 0 (ID:224) : 0
| | | | | | | | | XE = 1 (ID:225) : 1
| | | | | | | | XH = 1 (ID:223) : 1
| | | | | | | XR = 1 (ID:221) :
| | | | | | | | XB = 0 (ID:226) :
| | | | | | | | | XD = 0 (ID:228) : 0
| | | | | | | | | XD = 1 (ID:229) : 1
| | | | | | | | XB = 1 (ID:227) : 0
| | | | | | XC = 1 (ID:219) : 1
| | | | | XK = 1 (ID:217) :
| | | | | | XD = 0 (ID:230) :
| | | | | | | XF = 0 (ID:232) : 0
| | | | | | | XF = 1 (ID:233) : 1
| | | | | | XD = 1 (ID:231) : 0
| | | | XQ = 1 (ID:215) :
| | | | | XM = 0 (ID:234) :
| | | | | | XN = 0 (ID:236) :
| | | | | | | XU = 0 (ID:238) : 1
| | | | | | | XU = 1 (ID:239) : 0
| | | | | | XN = 1 (ID:237) :
| | | | | | | XP = 0 (ID:240) :
| | | | | | | | XB = 0 (ID:242) :
| | | | | | | | | XF = 0 (ID:244) : 0
| | | | | | | | | XF = 1 (ID:245) : 1
| | | | | | | | XB = 1 (ID:243) : 1
| | | | | | | XP = 1 (ID:241) : 1
| | | | | XM = 1 (ID:235) : 0
| | | XS = 1 (ID:213) :
| | | | XL = 0 (ID:246) :
| | | | | XD = 0 (ID:248) :
| | | | | | XU = 0 (ID:250) : 1
| | | | | | XU = 1 (ID:251) :
| | | | | | | XB = 0 (ID:252) :
| | | | | | | | XE = 0 (ID:254) : 1
| | | | | | | | XE = 1 (ID:255) :
| | | | | | | | | XC = 0 (ID:256) : 1
| | | | | | | | | XC = 1 (ID:257) : 0
| | | | | | | XB = 1 (ID:253) :
| | | | | | | | XG = 0 (ID:258) :
| | | | | | | | | XH = 0 (ID:260) : 0
| | | | | | | | | XH = 1 (ID:261) : 1
| | | | | | | | XG = 1 (ID:259) : 0
| | | | | XD = 1 (ID:249) :
| | | | | | XG = 0 (ID:262) : 0
| | | | | | XG = 1 (ID:263) : 1
| | | | XL = 1 (ID:247) : 0

-------------------------------------
Post-Pruned Accuracy
-------------------------------------
Number of training instances = 600
Number of training attributes = 20
Total number of nodes in the tree = 236
Number of leaf nodes in the tree = 119
Accuracy of the model on the training dataset = 96.5%

Number of validation instances = 2000
Number of validation attributes = 20
Accuracy of the model on the validation dataset after pruning = 76.75%

Number of testing instances = 2000
Number of testing attributes = 20
Accuracy of the model on the testing dataset = 76.0%

Successfully Pruned with improvement in Accuracy on validation data set.
